[LOG] System::create                           : Header version = 2.02.11. Current version = 2.02.11.
[LOG] Manager::init                            : maxchannels = 256 studioflags = 00000006 flags 00000000 extradriverdata 0000000000000000.
[LOG] SystemI::init                            : Initialize version=20211 (130436), maxchannels=256, flags=0x00020000
[LOG] SystemI::setOutputInternal               : Setting output to 'FMOD WASAPI Output'
[LOG] OutputWASAPI::init                       : Mix Format (WAVEFORMATEX): wFormatTag=0xFFFE, nChannels=1, nSamplesPerSec=16000, nAvgBytesPerSec=64000, nBlockAlign=4, wBitsPerSample=32, cbSize=22.
[LOG] OutputWASAPI::init                       : Mix Format (WAVEFORMATEXTENSIBLE): wValidBitsPerSample=32, dwChannelMask=0x00000004, SubFormat=00000003-0000-0010-8000-00AA00389B71.
[LOG] OutputWASAPI::init                       : Output buffer size: 1364 samples, latency: 0.00ms, period: 10.00ms, DSP buffer: 1024 * 4
[LOG] SystemI::init                            : Output requires a sample rate of 16000Hz, resampling will occur.
[LOG] DownMix::init                            : dspbuffersize: 1024  rate: 48000. output speaker mode: 2, input speaker mode 3
[LOG] DownMix::init                            : done.
[LOG] Thread::initThread                       : Init FMOD stream thread. Affinity: 0x4000000000000003, Priority: 0xFFFF7FFB, Stack Size: 98304, Semaphore: No, Sleep Time: 10, Looping: Yes.
[LOG] Thread::initThread                       : Init FMOD mixer thread. Affinity: 0x4000000000000001, Priority: 0xFFFF7FFA, Stack Size: 81920, Semaphore: No, Sleep Time: 0, Looping: Yes.
[LOG] AsyncManager::init                       : manager 0000023DD17592B8 isAsync 0 updatePeriod 0.02
[LOG] AsyncManager::init                       : done
[LOG] PlaybackSystem::init                     : 
[LOG] Thread::initThread                       : Init FMOD Studio sample load thread. Affinity: 0x4000000000000003, Priority: 0xFFFF7FFD, Stack Size: 98304, Semaphore: No, Sleep Time: 1, Looping: No.
[LOG] PlaybackSystem::init                     : done
[LOG] Thread::initThread                       : Init FMOD Studio bank load thread. Affinity: 0x4000000000000003, Priority: 0xFFFF7FFD, Stack Size: 98304, Semaphore: No, Sleep Time: 1, Looping: No.
[LOG] Manager::init                            : done.
[LOG] Manager::readBank                        : fileversion = 142, compatVersion = 140 (oldest = 44, newest = 142)
[LOG] Manager::readBank                        : fileversion = 142, compatVersion = 140 (oldest = 44, newest = 142)
[LOG] PlaybackSystem::acquireMasterBus         : Setting master channel group format to 6
[LOG] SystemI::createSoundInternal             : Create name='', mode=0x02000202
[LOG] SystemI::createSoundInternal             : exinfo->cbsize             = 224
[LOG] SystemI::createSoundInternal             : exinfo->length             = 884800
[LOG] SystemI::createSoundInternal             : exinfo->fileoffset         = 30272
[LOG] SystemI::createSoundInternal             : exinfo->numsubsounds       = 1
[LOG] SystemI::createSoundInternal             : exinfo->inclusionlist      = 000000DB14D1EF18
[LOG] SystemI::createSoundInternal             : exinfo->inclusionlistnum   = 1
[LOG] SystemI::createSoundInternal             : exinfo->suggestedsoundtype = 5
[LOG] SystemI::createSoundInternal             : exinfo->useropen           = 00007FF935E53490
[LOG] SystemI::createSoundInternal             : exinfo->userclose          = 00007FF935E53450
[LOG] SystemI::createSoundInternal             : exinfo->userread           = 00007FF935E53570
[LOG] SystemI::createSoundInternal             : exinfo->userseek           = 00007FF935E53630
[LOG] SystemI::createSoundInternal             : exinfo->fileuserdata       = 0000023DA946C518
[LOG] SystemI::createSoundInternal             : exinfo->initialseekpostype = 1
[LOG] SystemI::DSPCodecPoolRegister            : register codec pool for pool type 5
[LOG] SystemI::createSoundInternal             : Sample 0/1: name='SFX_Swordman_Impact1', format=5, channels=2, frequency=48000, lengthbytes=15488, lengthpcm=62400, pcmblocksize=0, loopstart=0, loopend=0, mode=0x00000000, channelmask=0x00000000, channelorder=0, peakvolume=0.452789.
[LOG] SystemI::createSoundInternal             : Create name='', mode=0x02000202
[LOG] SystemI::createSoundInternal             : exinfo->cbsize             = 224
[LOG] SystemI::createSoundInternal             : exinfo->length             = 884800
[LOG] SystemI::createSoundInternal             : exinfo->fileoffset         = 30272
[LOG] SystemI::createSoundInternal             : exinfo->numsubsounds       = 1
[LOG] SystemI::createSoundInternal             : exinfo->inclusionlist      = 000000DB14D1EF18
[LOG] SystemI::createSoundInternal             : exinfo->inclusionlistnum   = 1
[LOG] SystemI::createSoundInternal             : exinfo->suggestedsoundtype = 5
[LOG] SystemI::createSoundInternal             : exinfo->useropen           = 00007FF935E53490
[LOG] SystemI::createSoundInternal             : exinfo->userclose          = 00007FF935E53450
[LOG] SystemI::createSoundInternal             : exinfo->userread           = 00007FF935E53570
[LOG] SystemI::createSoundInternal             : exinfo->userseek           = 00007FF935E53630
[LOG] SystemI::createSoundInternal             : exinfo->fileuserdata       = 0000023DE7D07B08
[LOG] SystemI::createSoundInternal             : exinfo->initialseekpostype = 1
[LOG] SystemI::DSPCodecPoolRegister            : register codec pool for pool type 5
[LOG] SystemI::createSoundInternal             : Sample 0/1: name='CLM_SFX_Swordman_Footsteps_06', format=5, channels=1, frequency=48000, lengthbytes=3360, lengthpcm=20000, pcmblocksize=0, loopstart=0, loopend=0, mode=0x00000000, channelmask=0x00000000, channelorder=0, peakvolume=0.201050.
[LOG] SystemI::createSoundInternal             : Create name='', mode=0x02000202
[LOG] SystemI::createSoundInternal             : exinfo->cbsize             = 224
[LOG] SystemI::createSoundInternal             : exinfo->length             = 884800
[LOG] SystemI::createSoundInternal             : exinfo->fileoffset         = 30272
[LOG] SystemI::createSoundInternal             : exinfo->numsubsounds       = 1
[LOG] SystemI::createSoundInternal             : exinfo->inclusionlist      = 000000DB14D1EF18
[LOG] SystemI::createSoundInternal             : exinfo->inclusionlistnum   = 1
[LOG] SystemI::createSoundInternal             : exinfo->suggestedsoundtype = 5
[LOG] SystemI::createSoundInternal             : exinfo->useropen           = 00007FF935E53490
[LOG] SystemI::createSoundInternal             : exinfo->userclose          = 00007FF935E53450
[LOG] SystemI::createSoundInternal             : exinfo->userread           = 00007FF935E53570
[LOG] SystemI::createSoundInternal             : exinfo->userseek           = 00007FF935E53630
[LOG] SystemI::createSoundInternal             : exinfo->fileuserdata       = 0000023DE7D07B08
[LOG] SystemI::createSoundInternal             : exinfo->initialseekpostype = 1
[LOG] SystemI::DSPCodecPoolRegister            : register codec pool for pool type 5
[LOG] SystemI::createSoundInternal             : Sample 0/1: name='CLM_SFX_Swordman_Footsteps_09', format=5, channels=1, frequency=48000, lengthbytes=3328, lengthpcm=20000, pcmblocksize=0, loopstart=0, loopend=0, mode=0x00000000, channelmask=0x00000000, channelorder=0, peakvolume=0.420990.
[LOG] SystemI::createSoundInternal             : Create name='', mode=0x02000202
[LOG] SystemI::createSoundInternal             : exinfo->cbsize             = 224
[LOG] SystemI::createSoundInternal             : exinfo->length             = 884800
[LOG] SystemI::createSoundInternal             : exinfo->fileoffset         = 30272
[LOG] SystemI::createSoundInternal             : exinfo->numsubsounds       = 1
[LOG] SystemI::createSoundInternal             : exinfo->inclusionlist      = 000000DB14D1EF18
[LOG] SystemI::createSoundInternal             : exinfo->inclusionlistnum   = 1
[LOG] SystemI::createSoundInternal             : exinfo->suggestedsoundtype = 5
[LOG] SystemI::createSoundInternal             : exinfo->useropen           = 00007FF935E53490
[LOG] SystemI::createSoundInternal             : exinfo->userclose          = 00007FF935E53450
[LOG] SystemI::createSoundInternal             : exinfo->userread           = 00007FF935E53570
[LOG] SystemI::createSoundInternal             : exinfo->userseek           = 00007FF935E53630
[LOG] SystemI::createSoundInternal             : exinfo->fileuserdata       = 0000023DE7D078F8
[LOG] SystemI::createSoundInternal             : exinfo->initialseekpostype = 1
[LOG] SystemI::DSPCodecPoolRegister            : register codec pool for pool type 5
[LOG] SystemI::createSoundInternal             : Sample 0/1: name='CLM_SFX_GenericDamageTaken', format=5, channels=2, frequency=48000, lengthbytes=4384, lengthpcm=21504, pcmblocksize=0, loopstart=0, loopend=0, mode=0x00000000, channelmask=0x00000000, channelorder=0, peakvolume=1.000000.
[LOG] SoundI::release                          :  (0000023CD807B068)
[LOG] SoundI::release                          :     CLM_SFX_Swordman_Footsteps_06 (0000023CD249B078)
[LOG] SoundI::release                          :  (0000023CD807A658)
[LOG] SoundI::release                          :     CLM_SFX_Swordman_Footsteps_09 (0000023CD249E7B8)
[LOG] SoundI::release                          :  (0000023CD8075A28)
[LOG] SoundI::release                          :     CLM_SFX_GenericDamageTaken (0000023CD249B6F8)
[LOG] SoundI::release                          :  (0000023CD807A938)
[LOG] SoundI::release                          :     SFX_Swordman_Impact1 (0000023CD249EFD8)
[LOG] Manager::readBank                        : fileversion = 142, compatVersion = 140 (oldest = 44, newest = 142)
[LOG] Manager::readBank                        : fileversion = 142, compatVersion = 140 (oldest = 44, newest = 142)
[LOG] PlaybackSystem::acquireMasterBus         : Setting master channel group format to 6
[LOG] SystemI::createSoundInternal             : Create name='', mode=0x02000202
[LOG] SystemI::createSoundInternal             : exinfo->cbsize             = 224
[LOG] SystemI::createSoundInternal             : exinfo->length             = 884800
[LOG] SystemI::createSoundInternal             : exinfo->fileoffset         = 30272
[LOG] SystemI::createSoundInternal             : exinfo->numsubsounds       = 1
[LOG] SystemI::createSoundInternal             : exinfo->inclusionlist      = 000000DB14D1EF18
[LOG] SystemI::createSoundInternal             : exinfo->inclusionlistnum   = 1
[LOG] SystemI::createSoundInternal             : exinfo->suggestedsoundtype = 5
[LOG] SystemI::createSoundInternal             : exinfo->useropen           = 00007FF935E53490
[LOG] SystemI::createSoundInternal             : exinfo->userclose          = 00007FF935E53450
[LOG] SystemI::createSoundInternal             : exinfo->userread           = 00007FF935E53570
[LOG] SystemI::createSoundInternal             : exinfo->userseek           = 00007FF935E53630
[LOG] SystemI::createSoundInternal             : exinfo->fileuserdata       = 0000023DA946C518
[LOG] SystemI::createSoundInternal             : exinfo->initialseekpostype = 1
[LOG] SystemI::DSPCodecPoolRegister            : register codec pool for pool type 5
[LOG] SystemI::createSoundInternal             : Sample 0/1: name='CLM_SFX_GenericDamageTaken', format=5, channels=2, frequency=48000, lengthbytes=4384, lengthpcm=21504, pcmblocksize=0, loopstart=0, loopend=0, mode=0x00000000, channelmask=0x00000000, channelorder=0, peakvolume=1.000000.
[LOG] SoundI::release                          :  (0000023CD87557D8)
[LOG] SoundI::release                          :     CLM_SFX_GenericDamageTaken (0000023CD249DDF8)
[LOG] Manager::readBank                        : fileversion = 142, compatVersion = 140 (oldest = 44, newest = 142)
[LOG] Manager::readBank                        : fileversion = 142, compatVersion = 140 (oldest = 44, newest = 142)
[LOG] PlaybackSystem::acquireMasterBus         : Setting master channel group format to 6
[LOG] SystemI::createSoundInternal             : Create name='', mode=0x02000202
[LOG] SystemI::createSoundInternal             : exinfo->cbsize             = 224
[LOG] SystemI::createSoundInternal             : exinfo->length             = 884800
[LOG] SystemI::createSoundInternal             : exinfo->fileoffset         = 30272
[LOG] SystemI::createSoundInternal             : exinfo->numsubsounds       = 1
[LOG] SystemI::createSoundInternal             : exinfo->inclusionlist      = 000000DB14D1EF18
[LOG] SystemI::createSoundInternal             : exinfo->inclusionlistnum   = 1
[LOG] SystemI::createSoundInternal             : exinfo->suggestedsoundtype = 5
[LOG] SystemI::createSoundInternal             : exinfo->useropen           = 00007FF935E53490
[LOG] SystemI::createSoundInternal             : exinfo->userclose          = 00007FF935E53450
[LOG] SystemI::createSoundInternal             : exinfo->userread           = 00007FF935E53570
[LOG] SystemI::createSoundInternal             : exinfo->userseek           = 00007FF935E53630
[LOG] SystemI::createSoundInternal             : exinfo->fileuserdata       = 0000023CCF1BAEE8
[LOG] SystemI::createSoundInternal             : exinfo->initialseekpostype = 1
[LOG] SystemI::DSPCodecPoolRegister            : register codec pool for pool type 5
[LOG] SystemI::createSoundInternal             : Sample 0/1: name='CLM_SFX_Tank_FootSteps_08', format=5, channels=1, frequency=48000, lengthbytes=3296, lengthpcm=20000, pcmblocksize=0, loopstart=0, loopend=0, mode=0x00000000, channelmask=0x00000000, channelorder=0, peakvolume=0.195984.
[LOG] SystemI::createSoundInternal             : Create name='', mode=0x02000202
[LOG] SystemI::createSoundInternal             : exinfo->cbsize             = 224
[LOG] SystemI::createSoundInternal             : exinfo->length             = 884800
[LOG] SystemI::createSoundInternal             : exinfo->fileoffset         = 30272
[LOG] SystemI::createSoundInternal             : exinfo->numsubsounds       = 1
[LOG] SystemI::createSoundInternal             : exinfo->inclusionlist      = 000000DB14D1EF18
[LOG] SystemI::createSoundInternal             : exinfo->inclusionlistnum   = 1
[LOG] SystemI::createSoundInternal             : exinfo->suggestedsoundtype = 5
[LOG] SystemI::createSoundInternal             : exinfo->useropen           = 00007FF935E53490
[LOG] SystemI::createSoundInternal             : exinfo->userclose          = 00007FF935E53450
[LOG] SystemI::createSoundInternal             : exinfo->userread           = 00007FF935E53570
[LOG] SystemI::createSoundInternal             : exinfo->userseek           = 00007FF935E53630
[LOG] SystemI::createSoundInternal             : exinfo->fileuserdata       = 0000023CCF1BAEE8
[LOG] SystemI::createSoundInternal             : exinfo->initialseekpostype = 1
[LOG] SystemI::DSPCodecPoolRegister            : register codec pool for pool type 5
[LOG] SystemI::createSoundInternal             : Sample 0/1: name='CLM_SFX_Tank_FootSteps_02', format=5, channels=1, frequency=48000, lengthbytes=3296, lengthpcm=20000, pcmblocksize=0, loopstart=0, loopend=0, mode=0x00000000, channelmask=0x00000000, channelorder=0, peakvolume=0.162384.
[LOG] SystemI::createSoundInternal             : Create name='', mode=0x02000202
[LOG] SystemI::createSoundInternal             : exinfo->cbsize             = 224
[LOG] SystemI::createSoundInternal             : exinfo->length             = 884800
[LOG] SystemI::createSoundInternal             : exinfo->fileoffset         = 30272
[LOG] SystemI::createSoundInternal             : exinfo->numsubsounds       = 1
[LOG] SystemI::createSoundInternal             : exinfo->inclusionlist      = 000000DB14D1EF18
[LOG] SystemI::createSoundInternal             : exinfo->inclusionlistnum   = 1
[LOG] SystemI::createSoundInternal             : exinfo->suggestedsoundtype = 5
[LOG] SystemI::createSoundInternal             : exinfo->useropen           = 00007FF935E53490
[LOG] SystemI::createSoundInternal             : exinfo->userclose          = 00007FF935E53450
[LOG] SystemI::createSoundInternal             : exinfo->userread           = 00007FF935E53570
[LOG] SystemI::createSoundInternal             : exinfo->userseek           = 00007FF935E53630
[LOG] SystemI::createSoundInternal             : exinfo->fileuserdata       = 0000023DA946CD58
[LOG] SystemI::createSoundInternal             : exinfo->initialseekpostype = 1
[LOG] SystemI::DSPCodecPoolRegister            : register codec pool for pool type 5
[LOG] SystemI::createSoundInternal             : Sample 0/1: name='CLM_SFX_Shield_Bash_01', format=5, channels=1, frequency=48000, lengthbytes=5184, lengthpcm=25000, pcmblocksize=0, loopstart=0, loopend=0, mode=0x00000000, channelmask=0x00000000, channelorder=0, peakvolume=0.930206.
[LOG] SystemI::createSoundInternal             : Create name='', mode=0x02000202
[LOG] SystemI::createSoundInternal             : exinfo->cbsize             = 224
[LOG] SystemI::createSoundInternal             : exinfo->length             = 884800
[LOG] SystemI::createSoundInternal             : exinfo->fileoffset         = 30272
[LOG] SystemI::createSoundInternal             : exinfo->numsubsounds       = 1
[LOG] SystemI::createSoundInternal             : exinfo->inclusionlist      = 000000DB14D1EF18
[LOG] SystemI::createSoundInternal             : exinfo->inclusionlistnum   = 1
[LOG] SystemI::createSoundInternal             : exinfo->suggestedsoundtype = 5
[LOG] SystemI::createSoundInternal             : exinfo->useropen           = 00007FF935E53490
[LOG] SystemI::createSoundInternal             : exinfo->userclose          = 00007FF935E53450
[LOG] SystemI::createSoundInternal             : exinfo->userread           = 00007FF935E53570
[LOG] SystemI::createSoundInternal             : exinfo->userseek           = 00007FF935E53630
[LOG] SystemI::createSoundInternal             : exinfo->fileuserdata       = 0000023DA946CD58
[LOG] SystemI::createSoundInternal             : exinfo->initialseekpostype = 1
[LOG] SystemI::DSPCodecPoolRegister            : register codec pool for pool type 5
[LOG] SystemI::createSoundInternal             : Sample 0/1: name='CLM_SFX_Shield_Bash_03', format=5, channels=1, frequency=48000, lengthbytes=6944, lengthpcm=40000, pcmblocksize=0, loopstart=0, loopend=0, mode=0x00000000, channelmask=0x00000000, channelorder=0, peakvolume=0.790405.
[LOG] SystemI::createSoundInternal             : Create name='', mode=0x02000202
[LOG] SystemI::createSoundInternal             : exinfo->cbsize             = 224
[LOG] SystemI::createSoundInternal             : exinfo->length             = 884800
[LOG] SystemI::createSoundInternal             : exinfo->fileoffset         = 30272
[LOG] SystemI::createSoundInternal             : exinfo->numsubsounds       = 1
[LOG] SystemI::createSoundInternal             : exinfo->inclusionlist      = 000000DB14D1EF18
[LOG] SystemI::createSoundInternal             : exinfo->inclusionlistnum   = 1
[LOG] SystemI::createSoundInternal             : exinfo->suggestedsoundtype = 5
[LOG] SystemI::createSoundInternal             : exinfo->useropen           = 00007FF935E53490
[LOG] SystemI::createSoundInternal             : exinfo->userclose          = 00007FF935E53450
[LOG] SystemI::createSoundInternal             : exinfo->userread           = 00007FF935E53570
[LOG] SystemI::createSoundInternal             : exinfo->userseek           = 00007FF935E53630
[LOG] SystemI::createSoundInternal             : exinfo->fileuserdata       = 0000023DA946CD58
[LOG] SystemI::createSoundInternal             : exinfo->initialseekpostype = 1
[LOG] SystemI::DSPCodecPoolRegister            : register codec pool for pool type 5
[LOG] SystemI::createSoundInternal             : Sample 0/1: name='CLM_SFX_Shield_Bash_02', format=5, channels=1, frequency=48000, lengthbytes=6400, lengthpcm=36250, pcmblocksize=0, loopstart=0, loopend=0, mode=0x00000000, channelmask=0x00000000, channelorder=0, peakvolume=0.764587.
[LOG] SystemI::createSoundInternal             : Create name='', mode=0x02000202
[LOG] SystemI::createSoundInternal             : exinfo->cbsize             = 224
[LOG] SystemI::createSoundInternal             : exinfo->length             = 884800
[LOG] SystemI::createSoundInternal             : exinfo->fileoffset         = 30272
[LOG] SystemI::createSoundInternal             : exinfo->numsubsounds       = 1
[LOG] SystemI::createSoundInternal             : exinfo->inclusionlist      = 000000DB14D1EF18
[LOG] SystemI::createSoundInternal             : exinfo->inclusionlistnum   = 1
[LOG] SystemI::createSoundInternal             : exinfo->suggestedsoundtype = 5
[LOG] SystemI::createSoundInternal             : exinfo->useropen           = 00007FF935E53490
[LOG] SystemI::createSoundInternal             : exinfo->userclose          = 00007FF935E53450
[LOG] SystemI::createSoundInternal             : exinfo->userread           = 00007FF935E53570
[LOG] SystemI::createSoundInternal             : exinfo->userseek           = 00007FF935E53630
[LOG] SystemI::createSoundInternal             : exinfo->fileuserdata       = 0000023CCF1BA288
[LOG] SystemI::createSoundInternal             : exinfo->initialseekpostype = 1
[LOG] SystemI::DSPCodecPoolRegister            : register codec pool for pool type 5
[LOG] SystemI::createSoundInternal             : Sample 0/1: name='CLM_SFX_Hammer_Impact3_01', format=5, channels=1, frequency=48000, lengthbytes=6432, lengthpcm=30000, pcmblocksize=0, loopstart=0, loopend=0, mode=0x00000000, channelmask=0x00000000, channelorder=0, peakvolume=0.483612.
[LOG] SystemI::createSoundInternal             : Create name='', mode=0x02000202
[LOG] SystemI::createSoundInternal             : exinfo->cbsize             = 224
[LOG] SystemI::createSoundInternal             : exinfo->length             = 884800
[LOG] SystemI::createSoundInternal             : exinfo->fileoffset         = 30272
[LOG] SystemI::createSoundInternal             : exinfo->numsubsounds       = 1
[LOG] SystemI::createSoundInternal             : exinfo->inclusionlist      = 000000DB14D1EF18
[LOG] SystemI::createSoundInternal             : exinfo->inclusionlistnum   = 1
[LOG] SystemI::createSoundInternal             : exinfo->suggestedsoundtype = 5
[LOG] SystemI::createSoundInternal             : exinfo->useropen           = 00007FF935E53490
[LOG] SystemI::createSoundInternal             : exinfo->userclose          = 00007FF935E53450
[LOG] SystemI::createSoundInternal             : exinfo->userread           = 00007FF935E53570
[LOG] SystemI::createSoundInternal             : exinfo->userseek           = 00007FF935E53630
[LOG] SystemI::createSoundInternal             : exinfo->fileuserdata       = 0000023CCF1BA288
[LOG] SystemI::createSoundInternal             : exinfo->initialseekpostype = 1
[LOG] SystemI::DSPCodecPoolRegister            : register codec pool for pool type 5
[LOG] SystemI::createSoundInternal             : Sample 0/1: name='CLM_SFX_Hammer_Impact2_01', format=5, channels=1, frequency=48000, lengthbytes=5408, lengthpcm=27500, pcmblocksize=0, loopstart=0, loopend=0, mode=0x00000000, channelmask=0x00000000, channelorder=0, peakvolume=0.592316.
[LOG] SystemI::createSoundInternal             : Create name='', mode=0x02000202
[LOG] SystemI::createSoundInternal             : exinfo->cbsize             = 224
[LOG] SystemI::createSoundInternal             : exinfo->length             = 884800
[LOG] SystemI::createSoundInternal             : exinfo->fileoffset         = 30272
[LOG] SystemI::createSoundInternal             : exinfo->numsubsounds       = 1
[LOG] SystemI::createSoundInternal             : exinfo->inclusionlist      = 000000DB14D1EF18
[LOG] SystemI::createSoundInternal             : exinfo->inclusionlistnum   = 1
[LOG] SystemI::createSoundInternal             : exinfo->suggestedsoundtype = 5
[LOG] SystemI::createSoundInternal             : exinfo->useropen           = 00007FF935E53490
[LOG] SystemI::createSoundInternal             : exinfo->userclose          = 00007FF935E53450
[LOG] SystemI::createSoundInternal             : exinfo->userread           = 00007FF935E53570
[LOG] SystemI::createSoundInternal             : exinfo->userseek           = 00007FF935E53630
[LOG] SystemI::createSoundInternal             : exinfo->fileuserdata       = 0000023CCF1BA288
[LOG] SystemI::createSoundInternal             : exinfo->initialseekpostype = 1
[LOG] SystemI::DSPCodecPoolRegister            : register codec pool for pool type 5
[LOG] SystemI::createSoundInternal             : Sample 0/1: name='CLM_SFX_Hammer_Impact1_01', format=5, channels=1, frequency=48000, lengthbytes=5760, lengthpcm=27500, pcmblocksize=0, loopstart=0, loopend=0, mode=0x00000000, channelmask=0x00000000, channelorder=0, peakvolume=0.476776.
[LOG] SystemI::createSoundInternal             : Create name='', mode=0x02000202
[LOG] SystemI::createSoundInternal             : exinfo->cbsize             = 224
[LOG] SystemI::createSoundInternal             : exinfo->length             = 884800
[LOG] SystemI::createSoundInternal             : exinfo->fileoffset         = 30272
[LOG] SystemI::createSoundInternal             : exinfo->numsubsounds       = 1
[LOG] SystemI::createSoundInternal             : exinfo->inclusionlist      = 000000DB14D1EF18
[LOG] SystemI::createSoundInternal             : exinfo->inclusionlistnum   = 1
[LOG] SystemI::createSoundInternal             : exinfo->suggestedsoundtype = 5
[LOG] SystemI::createSoundInternal             : exinfo->useropen           = 00007FF935E53490
[LOG] SystemI::createSoundInternal             : exinfo->userclose          = 00007FF935E53450
[LOG] SystemI::createSoundInternal             : exinfo->userread           = 00007FF935E53570
[LOG] SystemI::createSoundInternal             : exinfo->userseek           = 00007FF935E53630
[LOG] SystemI::createSoundInternal             : exinfo->fileuserdata       = 0000023CCF1BA078
[LOG] SystemI::createSoundInternal             : exinfo->initialseekpostype = 1
[LOG] SystemI::DSPCodecPoolRegister            : register codec pool for pool type 5
[LOG] SystemI::createSoundInternal             : Sample 0/1: name='CLM_SFX_Hammer_Miss1_01', format=5, channels=1, frequency=48000, lengthbytes=2624, lengthpcm=13750, pcmblocksize=0, loopstart=0, loopend=0, mode=0x00000000, channelmask=0x00000000, channelorder=0, peakvolume=0.293274.
[LOG] SystemI::createSoundInternal             : Create name='', mode=0x02000202
[LOG] SystemI::createSoundInternal             : exinfo->cbsize             = 224
[LOG] SystemI::createSoundInternal             : exinfo->length             = 884800
[LOG] SystemI::createSoundInternal             : exinfo->fileoffset         = 30272
[LOG] SystemI::createSoundInternal             : exinfo->numsubsounds       = 1
[LOG] SystemI::createSoundInternal             : exinfo->inclusionlist      = 000000DB14D1EF18
[LOG] SystemI::createSoundInternal             : exinfo->inclusionlistnum   = 1
[LOG] SystemI::createSoundInternal             : exinfo->suggestedsoundtype = 5
[LOG] SystemI::createSoundInternal             : exinfo->useropen           = 00007FF935E53490
[LOG] SystemI::createSoundInternal             : exinfo->userclose          = 00007FF935E53450
[LOG] SystemI::createSoundInternal             : exinfo->userread           = 00007FF935E53570
[LOG] SystemI::createSoundInternal             : exinfo->userseek           = 00007FF935E53630
[LOG] SystemI::createSoundInternal             : exinfo->fileuserdata       = 0000023CCF1BA078
[LOG] SystemI::createSoundInternal             : exinfo->initialseekpostype = 1
[LOG] SystemI::DSPCodecPoolRegister            : register codec pool for pool type 5
[LOG] SystemI::createSoundInternal             : Sample 0/1: name='CLM_SFX_Hammer_Miss2_01', format=5, channels=1, frequency=48000, lengthbytes=2944, lengthpcm=15000, pcmblocksize=0, loopstart=0, loopend=0, mode=0x00000000, channelmask=0x00000000, channelorder=0, peakvolume=0.145691.
[LOG] SystemI::createSoundInternal             : Create name='', mode=0x02000202
[LOG] SystemI::createSoundInternal             : exinfo->cbsize             = 224
[LOG] SystemI::createSoundInternal             : exinfo->length             = 884800
[LOG] SystemI::createSoundInternal             : exinfo->fileoffset         = 30272
[LOG] SystemI::createSoundInternal             : exinfo->numsubsounds       = 1
[LOG] SystemI::createSoundInternal             : exinfo->inclusionlist      = 000000DB14D1EF18
[LOG] SystemI::createSoundInternal             : exinfo->inclusionlistnum   = 1
[LOG] SystemI::createSoundInternal             : exinfo->suggestedsoundtype = 5
[LOG] SystemI::createSoundInternal             : exinfo->useropen           = 00007FF935E53490
[LOG] SystemI::createSoundInternal             : exinfo->userclose          = 00007FF935E53450
[LOG] SystemI::createSoundInternal             : exinfo->userread           = 00007FF935E53570
[LOG] SystemI::createSoundInternal             : exinfo->userseek           = 00007FF935E53630
[LOG] SystemI::createSoundInternal             : exinfo->fileuserdata       = 0000023DE8193778
[LOG] SystemI::createSoundInternal             : exinfo->initialseekpostype = 1
[LOG] SystemI::DSPCodecPoolRegister            : register codec pool for pool type 5
[LOG] SystemI::createSoundInternal             : Sample 0/1: name='CLM_SFX_GenericDamageTaken', format=5, channels=2, frequency=48000, lengthbytes=4384, lengthpcm=21504, pcmblocksize=0, loopstart=0, loopend=0, mode=0x00000000, channelmask=0x00000000, channelorder=0, peakvolume=1.000000.
[LOG] SoundI::release                          :  (0000023DA961A048)
[LOG] SoundI::release                          :     CLM_SFX_Tank_FootSteps_02 (0000023CD24A1058)
[LOG] SoundI::release                          :  (0000023DA961B188)
[LOG] SoundI::release                          :     CLM_SFX_Tank_FootSteps_08 (0000023CD249E7B8)
[LOG] SoundI::release                          :  (0000023DA1BAC088)
[LOG] SoundI::release                          :     CLM_SFX_Shield_Bash_01 (0000023CD249D918)
[LOG] SoundI::release                          :  (0000023DA1BAA6A8)
[LOG] SoundI::release                          :     CLM_SFX_Shield_Bash_02 (0000023CD249EAF8)
[LOG] SoundI::release                          :  (0000023DA1BA89E8)
[LOG] SoundI::release                          :     CLM_SFX_Shield_Bash_03 (0000023CD249D5D8)
[LOG] SoundI::release                          :  (0000023CD8078DE8)
[LOG] SoundI::release                          :     CLM_SFX_Hammer_Impact1_01 (0000023CD24A01B8)
[LOG] SoundI::release                          :  (0000023CD8078998)
[LOG] SoundI::release                          :     CLM_SFX_Hammer_Impact2_01 (0000023CD249F178)
[LOG] SoundI::release                          :  (0000023CD8078268)
[LOG] SoundI::release                          :     CLM_SFX_Hammer_Impact3_01 (0000023CD249F7F8)
[LOG] SoundI::release                          :  (0000023CD807AEF8)
[LOG] SoundI::release                          :     CLM_SFX_Hammer_Miss1_01 (0000023CD249EFD8)
[LOG] SoundI::release                          :  (0000023CD80765A8)
[LOG] SoundI::release                          :     CLM_SFX_Hammer_Miss2_01 (0000023CD249F318)
[LOG] SoundI::release                          :  (0000023CD8079238)
[LOG] SoundI::release                          :     CLM_SFX_GenericDamageTaken (0000023CD24A11F8)
[LOG] Manager::readBank                        : fileversion = 142, compatVersion = 140 (oldest = 44, newest = 142)
[LOG] Manager::readBank                        : fileversion = 142, compatVersion = 140 (oldest = 44, newest = 142)
[LOG] PlaybackSystem::acquireMasterBus         : Setting master channel group format to 6
[LOG] SystemI::createSoundInternal             : Create name='', mode=0x02000202
[LOG] SystemI::createSoundInternal             : exinfo->cbsize             = 224
[LOG] SystemI::createSoundInternal             : exinfo->length             = 884800
[LOG] SystemI::createSoundInternal             : exinfo->fileoffset         = 30272
[LOG] SystemI::createSoundInternal             : exinfo->numsubsounds       = 1
[LOG] SystemI::createSoundInternal             : exinfo->inclusionlist      = 000000DB14D1EF18
[LOG] SystemI::createSoundInternal             : exinfo->inclusionlistnum   = 1
[LOG] SystemI::createSoundInternal             : exinfo->suggestedsoundtype = 5
[LOG] SystemI::createSoundInternal             : exinfo->useropen           = 00007FF935E53490
[LOG] SystemI::createSoundInternal             : exinfo->userclose          = 00007FF935E53450
[LOG] SystemI::createSoundInternal             : exinfo->userread           = 00007FF935E53570
[LOG] SystemI::createSoundInternal             : exinfo->userseek           = 00007FF935E53630
[LOG] SystemI::createSoundInternal             : exinfo->fileuserdata       = 0000023DA946D9B8
[LOG] SystemI::createSoundInternal             : exinfo->initialseekpostype = 1
[LOG] SystemI::DSPCodecPoolRegister            : register codec pool for pool type 5
[LOG] SystemI::createSoundInternal             : Sample 0/1: name='CLM_BOSS_SFX_DmgGive', format=5, channels=2, frequency=48000, lengthbytes=8224, lengthpcm=44378, pcmblocksize=0, loopstart=0, loopend=0, mode=0x00000000, channelmask=0x00000000, channelorder=0, peakvolume=0.659579.
[LOG] SystemI::createSoundInternal             : Create name='', mode=0x02000202
[LOG] SystemI::createSoundInternal             : exinfo->cbsize             = 224
[LOG] SystemI::createSoundInternal             : exinfo->length             = 884800
[LOG] SystemI::createSoundInternal             : exinfo->fileoffset         = 30272
[LOG] SystemI::createSoundInternal             : exinfo->numsubsounds       = 1
[LOG] SystemI::createSoundInternal             : exinfo->inclusionlist      = 000000DB14D1EF18
[LOG] SystemI::createSoundInternal             : exinfo->inclusionlistnum   = 1
[LOG] SystemI::createSoundInternal             : exinfo->suggestedsoundtype = 5
[LOG] SystemI::createSoundInternal             : exinfo->useropen           = 00007FF935E53490
[LOG] SystemI::createSoundInternal             : exinfo->userclose          = 00007FF935E53450
[LOG] SystemI::createSoundInternal             : exinfo->userread           = 00007FF935E53570
[LOG] SystemI::createSoundInternal             : exinfo->userseek           = 00007FF935E53630
[LOG] SystemI::createSoundInternal             : exinfo->fileuserdata       = 0000023DA946D9B8
[LOG] SystemI::createSoundInternal             : exinfo->initialseekpostype = 1
[LOG] SystemI::DSPCodecPoolRegister            : register codec pool for pool type 5
[LOG] SystemI::createSoundInternal             : Sample 0/1: name='CLM_SFX_Boss_DmgGive02', format=5, channels=2, frequency=48000, lengthbytes=17952, lengthpcm=52905, pcmblocksize=0, loopstart=0, loopend=0, mode=0x00000000, channelmask=0x00000000, channelorder=0, peakvolume=0.963135.
[WRN] SoundSourceInstrumentInstance::startChannelIfReady : Loading delay exceeded, sound may play at incorrect time
[WRN] SoundSourceInstrumentInstance::startChannelIfReady : Loading delay exceeded, sound may play at incorrect time
[WRN] SoundSourceInstrumentInstance::startChannelIfReady : Loading delay exceeded, sound may play at incorrect time
[WRN] SoundSourceInstrumentInstance::startChannelIfReady : Loading delay exceeded, sound may play at incorrect time
[WRN] SoundSourceInstrumentInstance::startChannelIfReady : Loading delay exceeded, sound may play at incorrect time
[WRN] SoundSourceInstrumentInstance::startChannelIfReady : Loading delay exceeded, sound may play at incorrect time
[WRN] SoundSourceInstrumentInstance::startChannelIfReady : Loading delay exceeded, sound may play at incorrect time
[WRN] SoundSourceInstrumentInstance::startChannelIfReady : Loading delay exceeded, sound may play at incorrect time
[LOG] SystemI::createSoundInternal             : Create name='', mode=0x02000202
[LOG] SystemI::createSoundInternal             : exinfo->cbsize             = 224
[LOG] SystemI::createSoundInternal             : exinfo->length             = 884800
[LOG] SystemI::createSoundInternal             : exinfo->fileoffset         = 30272
[LOG] SystemI::createSoundInternal             : exinfo->numsubsounds       = 1
[LOG] SystemI::createSoundInternal             : exinfo->inclusionlist      = 000000DB14D1EF18
[LOG] SystemI::createSoundInternal             : exinfo->inclusionlistnum   = 1
[LOG] SystemI::createSoundInternal             : exinfo->suggestedsoundtype = 5
[LOG] SystemI::createSoundInternal             : exinfo->useropen           = 00007FF935E53490
[LOG] SystemI::createSoundInternal             : exinfo->userclose          = 00007FF935E53450
[LOG] SystemI::createSoundInternal             : exinfo->userread           = 00007FF935E53570
[LOG] SystemI::createSoundInternal             : exinfo->userseek           = 00007FF935E53630
[LOG] SystemI::createSoundInternal             : exinfo->fileuserdata       = 0000023DE8195038
[LOG] SystemI::createSoundInternal             : exinfo->initialseekpostype = 1
[LOG] SystemI::DSPCodecPoolRegister            : register codec pool for pool type 5
[LOG] SystemI::createSoundInternal             : Sample 0/1: name='CLM_BOSS_SFX_Miss_2', format=5, channels=2, frequency=48000, lengthbytes=3872, lengthpcm=44378, pcmblocksize=0, loopstart=0, loopend=0, mode=0x00000000, channelmask=0x00000000, channelorder=0, peakvolume=0.786458.
[WRN] SoundSourceInstrumentInstance::startChannelIfReady : Loading delay exceeded, sound may play at incorrect time
[WRN] SoundSourceInstrumentInstance::startChannelIfReady : Loading delay exceeded, sound may play at incorrect time
[WRN] SoundSourceInstrumentInstance::startChannelIfReady : Loading delay exceeded, sound may play at incorrect time
[WRN] SoundSourceInstrumentInstance::startChannelIfReady : Loading delay exceeded, sound may play at incorrect time
[WRN] SoundSourceInstrumentInstance::startChannelIfReady : Loading delay exceeded, sound may play at incorrect time
[WRN] SoundSourceInstrumentInstance::startChannelIfReady : Loading delay exceeded, sound may play at incorrect time
[WRN] SoundSourceInstrumentInstance::startChannelIfReady : Loading delay exceeded, sound may play at incorrect time
[WRN] SoundSourceInstrumentInstance::startChannelIfReady : Loading delay exceeded, sound may play at incorrect time
[WRN] SoundSourceInstrumentInstance::startChannelIfReady : Loading delay exceeded, sound may play at incorrect time
[WRN] SoundSourceInstrumentInstance::startChannelIfReady : Loading delay exceeded, sound may play at incorrect time
[WRN] SoundSourceInstrumentInstance::startChannelIfReady : Loading delay exceeded, sound may play at incorrect time
[WRN] SoundSourceInstrumentInstance::startChannelIfReady : Loading delay exceeded, sound may play at incorrect time
[WRN] SoundSourceInstrumentInstance::startChannelIfReady : Loading delay exceeded, sound may play at incorrect time
[WRN] SoundSourceInstrumentInstance::startChannelIfReady : Loading delay exceeded, sound may play at incorrect time
[WRN] SoundSourceInstrumentInstance::startChannelIfReady : Loading delay exceeded, sound may play at incorrect time
[WRN] SoundSourceInstrumentInstance::startChannelIfReady : Loading delay exceeded, sound may play at incorrect time
[WRN] SoundSourceInstrumentInstance::startChannelIfReady : Loading delay exceeded, sound may play at incorrect time
[WRN] SoundSourceInstrumentInstance::startChannelIfReady : Loading delay exceeded, sound may play at incorrect time
[WRN] SoundSourceInstrumentInstance::startChannelIfReady : Loading delay exceeded, sound may play at incorrect time
[WRN] SoundSourceInstrumentInstance::startChannelIfReady : Loading delay exceeded, sound may play at incorrect time
[WRN] SoundSourceInstrumentInstance::startChannelIfReady : Loading delay exceeded, sound may play at incorrect time
[WRN] SoundSourceInstrumentInstance::startChannelIfReady : Loading delay exceeded, sound may play at incorrect time
[WRN] SoundSourceInstrumentInstance::startChannelIfReady : Loading delay exceeded, sound may play at incorrect time
[WRN] SoundSourceInstrumentInstance::startChannelIfReady : Loading delay exceeded, sound may play at incorrect time
[WRN] SoundSourceInstrumentInstance::startChannelIfReady : Loading delay exceeded, sound may play at incorrect time
[WRN] SoundSourceInstrumentInstance::startChannelIfReady : Loading delay exceeded, sound may play at incorrect time
[WRN] SoundSourceInstrumentInstance::startChannelIfReady : Loading delay exceeded, sound may play at incorrect time
[WRN] SoundSourceInstrumentInstance::startChannelIfReady : Loading delay exceeded, sound may play at incorrect time
[WRN] SoundSourceInstrumentInstance::startChannelIfReady : Loading delay exceeded, sound may play at incorrect time
[WRN] SoundSourceInstrumentInstance::startChannelIfReady : Loading delay exceeded, sound may play at incorrect time
[LOG] SystemI::createSoundInternal             : Create name='', mode=0x02000202
[LOG] SystemI::createSoundInternal             : exinfo->cbsize             = 224
[LOG] SystemI::createSoundInternal             : exinfo->length             = 884800
[LOG] SystemI::createSoundInternal             : exinfo->fileoffset         = 30272
[LOG] SystemI::createSoundInternal             : exinfo->numsubsounds       = 1
[LOG] SystemI::createSoundInternal             : exinfo->inclusionlist      = 000000DB14D1EF18
[LOG] SystemI::createSoundInternal             : exinfo->inclusionlistnum   = 1
[LOG] SystemI::createSoundInternal             : exinfo->suggestedsoundtype = 5
[LOG] SystemI::createSoundInternal             : exinfo->useropen           = 00007FF935E53490
[LOG] SystemI::createSoundInternal             : exinfo->userclose          = 00007FF935E53450
[LOG] SystemI::createSoundInternal             : exinfo->userread           = 00007FF935E53570
[LOG] SystemI::createSoundInternal             : exinfo->userseek           = 00007FF935E53630
[LOG] SystemI::createSoundInternal             : exinfo->fileuserdata       = 0000023DE8193778
[LOG] SystemI::createSoundInternal             : exinfo->initialseekpostype = 1
[LOG] SystemI::DSPCodecPoolRegister            : register codec pool for pool type 5
[LOG] SystemI::createSoundInternal             : Sample 0/1: name='CLM_SFX_BOSS_Footsteps_1', format=5, channels=2, frequency=48000, lengthbytes=5984, lengthpcm=29989, pcmblocksize=0, loopstart=0, loopend=0, mode=0x00000000, channelmask=0x00000000, channelorder=0, peakvolume=0.698181.
[LOG] SystemI::createSoundInternal             : Create name='', mode=0x02000202
[LOG] SystemI::createSoundInternal             : exinfo->cbsize             = 224
[LOG] SystemI::createSoundInternal             : exinfo->length             = 884800
[LOG] SystemI::createSoundInternal             : exinfo->fileoffset         = 30272
[LOG] SystemI::createSoundInternal             : exinfo->numsubsounds       = 1
[LOG] SystemI::createSoundInternal             : exinfo->inclusionlist      = 000000DB14D1EF18
[LOG] SystemI::createSoundInternal             : exinfo->inclusionlistnum   = 1
[LOG] SystemI::createSoundInternal             : exinfo->suggestedsoundtype = 5
[LOG] SystemI::createSoundInternal             : exinfo->useropen           = 00007FF935E53490
[LOG] SystemI::createSoundInternal             : exinfo->userclose          = 00007FF935E53450
[LOG] SystemI::createSoundInternal             : exinfo->userread           = 00007FF935E53570
[LOG] SystemI::createSoundInternal             : exinfo->userseek           = 00007FF935E53630
[LOG] SystemI::createSoundInternal             : exinfo->fileuserdata       = 0000023DE8194E28
[LOG] SystemI::createSoundInternal             : exinfo->initialseekpostype = 1
[LOG] SystemI::DSPCodecPoolRegister            : register codec pool for pool type 5
[LOG] SystemI::createSoundInternal             : Sample 0/1: name='CLM_SFX_BOSS_GettingHit_1', format=5, channels=2, frequency=48000, lengthbytes=9472, lengthpcm=44377, pcmblocksize=0, loopstart=0, loopend=0, mode=0x00000000, channelmask=0x00000000, channelorder=0, peakvolume=0.667329.
[LOG] SystemI::createSoundInternal             : Create name='', mode=0x02000202
[LOG] SystemI::createSoundInternal             : exinfo->cbsize             = 224
[LOG] SystemI::createSoundInternal             : exinfo->length             = 884800
[LOG] SystemI::createSoundInternal             : exinfo->fileoffset         = 30272
[LOG] SystemI::createSoundInternal             : exinfo->numsubsounds       = 1
[LOG] SystemI::createSoundInternal             : exinfo->inclusionlist      = 000000DB14D1EF18
[LOG] SystemI::createSoundInternal             : exinfo->inclusionlistnum   = 1
[LOG] SystemI::createSoundInternal             : exinfo->suggestedsoundtype = 5
[LOG] SystemI::createSoundInternal             : exinfo->useropen           = 00007FF935E53490
[LOG] SystemI::createSoundInternal             : exinfo->userclose          = 00007FF935E53450
[LOG] SystemI::createSoundInternal             : exinfo->userread           = 00007FF935E53570
[LOG] SystemI::createSoundInternal             : exinfo->userseek           = 00007FF935E53630
[LOG] SystemI::createSoundInternal             : exinfo->fileuserdata       = 0000023DE8194E28
[LOG] SystemI::createSoundInternal             : exinfo->initialseekpostype = 1
[LOG] SystemI::DSPCodecPoolRegister            : register codec pool for pool type 5
[LOG] SystemI::createSoundInternal             : Sample 0/1: name='CLM_SFX_Boss_GettingHit_2wav', format=5, channels=2, frequency=48000, lengthbytes=12192, lengthpcm=48000, pcmblocksize=0, loopstart=0, loopend=0, mode=0x00000000, channelmask=0x00000000, channelorder=0, peakvolume=0.999756.
[LOG] SystemI::createSoundInternal             : Create name='', mode=0x02000202
[LOG] SystemI::createSoundInternal             : exinfo->cbsize             = 224
[LOG] SystemI::createSoundInternal             : exinfo->length             = 884800
[LOG] SystemI::createSoundInternal             : exinfo->fileoffset         = 30272
[LOG] SystemI::createSoundInternal             : exinfo->numsubsounds       = 1
[LOG] SystemI::createSoundInternal             : exinfo->inclusionlist      = 000000DB14D1EF18
[LOG] SystemI::createSoundInternal             : exinfo->inclusionlistnum   = 1
[LOG] SystemI::createSoundInternal             : exinfo->suggestedsoundtype = 5
[LOG] SystemI::createSoundInternal             : exinfo->useropen           = 00007FF935E53490
[LOG] SystemI::createSoundInternal             : exinfo->userclose          = 00007FF935E53450
[LOG] SystemI::createSoundInternal             : exinfo->userread           = 00007FF935E53570
[LOG] SystemI::createSoundInternal             : exinfo->userseek           = 00007FF935E53630
[LOG] SystemI::createSoundInternal             : exinfo->fileuserdata       = 0000023CCF1BB0F8
[LOG] SystemI::createSoundInternal             : exinfo->initialseekpostype = 1
[LOG] SystemI::DSPCodecPoolRegister            : register codec pool for pool type 5
[LOG] SystemI::createSoundInternal             : Sample 0/1: name='CLM_SFX_UI_Select', format=5, channels=2, frequency=48000, lengthbytes=5920, lengthpcm=24759, pcmblocksize=0, loopstart=0, loopend=0, mode=0x00000000, channelmask=0x00000000, channelorder=0, peakvolume=1.000000.
[LOG] SystemI::createSoundInternal             : Create name='', mode=0x02000202
[LOG] SystemI::createSoundInternal             : exinfo->cbsize             = 224
[LOG] SystemI::createSoundInternal             : exinfo->length             = 884800
[LOG] SystemI::createSoundInternal             : exinfo->fileoffset         = 30272
[LOG] SystemI::createSoundInternal             : exinfo->numsubsounds       = 1
[LOG] SystemI::createSoundInternal             : exinfo->inclusionlist      = 000000DB14D1EF18
[LOG] SystemI::createSoundInternal             : exinfo->inclusionlistnum   = 1
[LOG] SystemI::createSoundInternal             : exinfo->suggestedsoundtype = 5
[LOG] SystemI::createSoundInternal             : exinfo->useropen           = 00007FF935E53490
[LOG] SystemI::createSoundInternal             : exinfo->userclose          = 00007FF935E53450
[LOG] SystemI::createSoundInternal             : exinfo->userread           = 00007FF935E53570
[LOG] SystemI::createSoundInternal             : exinfo->userseek           = 00007FF935E53630
[LOG] SystemI::createSoundInternal             : exinfo->fileuserdata       = 0000023CCF1BB0F8
[LOG] SystemI::createSoundInternal             : exinfo->initialseekpostype = 1
[LOG] SystemI::DSPCodecPoolRegister            : register codec pool for pool type 5
[LOG] SystemI::createSoundInternal             : Sample 0/1: name='CLM_SFX_UI_Select02 (1)', format=5, channels=2, frequency=48000, lengthbytes=2432, lengthpcm=10352, pcmblocksize=0, loopstart=0, loopend=0, mode=0x00000000, channelmask=0x00000000, channelorder=0, peakvolume=0.999908.
[LOG] SystemI::createSoundInternal             : Create name='', mode=0x02000202
[LOG] SystemI::createSoundInternal             : exinfo->cbsize             = 224
[LOG] SystemI::createSoundInternal             : exinfo->length             = 884800
[LOG] SystemI::createSoundInternal             : exinfo->fileoffset         = 30272
[LOG] SystemI::createSoundInternal             : exinfo->numsubsounds       = 1
[LOG] SystemI::createSoundInternal             : exinfo->inclusionlist      = 000000DB14D1EF18
[LOG] SystemI::createSoundInternal             : exinfo->inclusionlistnum   = 1
[LOG] SystemI::createSoundInternal             : exinfo->suggestedsoundtype = 5
[LOG] SystemI::createSoundInternal             : exinfo->useropen           = 00007FF935E53490
[LOG] SystemI::createSoundInternal             : exinfo->userclose          = 00007FF935E53450
[LOG] SystemI::createSoundInternal             : exinfo->userread           = 00007FF935E53570
[LOG] SystemI::createSoundInternal             : exinfo->userseek           = 00007FF935E53630
[LOG] SystemI::createSoundInternal             : exinfo->fileuserdata       = 0000023CCF1B9628
[LOG] SystemI::createSoundInternal             : exinfo->initialseekpostype = 1
[LOG] SystemI::DSPCodecPoolRegister            : register codec pool for pool type 5
[LOG] SystemI::createSoundInternal             : Sample 0/1: name='CLM_SFX_UI_Clicking 2', format=5, channels=2, frequency=48000, lengthbytes=3584, lengthpcm=28672, pcmblocksize=0, loopstart=0, loopend=0, mode=0x00000000, channelmask=0x00000000, channelorder=0, peakvolume=0.071849.
[LOG] SystemI::createSoundInternal             : Create name='', mode=0x02000202
[LOG] SystemI::createSoundInternal             : exinfo->cbsize             = 224
[LOG] SystemI::createSoundInternal             : exinfo->length             = 884800
[LOG] SystemI::createSoundInternal             : exinfo->fileoffset         = 30272
[LOG] SystemI::createSoundInternal             : exinfo->numsubsounds       = 1
[LOG] SystemI::createSoundInternal             : exinfo->inclusionlist      = 000000DB14D1EF18
[LOG] SystemI::createSoundInternal             : exinfo->inclusionlistnum   = 1
[LOG] SystemI::createSoundInternal             : exinfo->suggestedsoundtype = 5
[LOG] SystemI::createSoundInternal             : exinfo->useropen           = 00007FF935E53490
[LOG] SystemI::createSoundInternal             : exinfo->userclose          = 00007FF935E53450
[LOG] SystemI::createSoundInternal             : exinfo->userread           = 00007FF935E53570
[LOG] SystemI::createSoundInternal             : exinfo->userseek           = 00007FF935E53630
[LOG] SystemI::createSoundInternal             : exinfo->fileuserdata       = 0000023CCF1B9628
[LOG] SystemI::createSoundInternal             : exinfo->initialseekpostype = 1
[LOG] SystemI::DSPCodecPoolRegister            : register codec pool for pool type 5
[LOG] SystemI::createSoundInternal             : Sample 0/1: name='CLM_SFX_UI_Clicking 1', format=5, channels=2, frequency=48000, lengthbytes=3136, lengthpcm=28672, pcmblocksize=0, loopstart=0, loopend=0, mode=0x00000000, channelmask=0x00000000, channelorder=0, peakvolume=0.065276.
[LOG] SystemI::createSoundInternal             : Create name='', mode=0x02000202
[LOG] SystemI::createSoundInternal             : exinfo->cbsize             = 224
[LOG] SystemI::createSoundInternal             : exinfo->length             = 884800
[LOG] SystemI::createSoundInternal             : exinfo->fileoffset         = 30272
[LOG] SystemI::createSoundInternal             : exinfo->numsubsounds       = 1
[LOG] SystemI::createSoundInternal             : exinfo->inclusionlist      = 000000DB14D1EF18
[LOG] SystemI::createSoundInternal             : exinfo->inclusionlistnum   = 1
[LOG] SystemI::createSoundInternal             : exinfo->suggestedsoundtype = 5
[LOG] SystemI::createSoundInternal             : exinfo->useropen           = 00007FF935E53490
[LOG] SystemI::createSoundInternal             : exinfo->userclose          = 00007FF935E53450
[LOG] SystemI::createSoundInternal             : exinfo->userread           = 00007FF935E53570
[LOG] SystemI::createSoundInternal             : exinfo->userseek           = 00007FF935E53630
[LOG] SystemI::createSoundInternal             : exinfo->fileuserdata       = 0000023CCF1BA288
[LOG] SystemI::createSoundInternal             : exinfo->initialseekpostype = 1
[LOG] SystemI::DSPCodecPoolRegister            : register codec pool for pool type 5
[LOG] SystemI::createSoundInternal             : Sample 0/1: name='CLM_SFX_UI_Scroll', format=5, channels=2, frequency=48000, lengthbytes=3840, lengthpcm=24045, pcmblocksize=0, loopstart=0, loopend=0, mode=0x00000000, channelmask=0x00000000, channelorder=0, peakvolume=0.774109.
[LOG] SystemI::createSoundInternal             : Create name='', mode=0x02000202
[LOG] SystemI::createSoundInternal             : exinfo->cbsize             = 224
[LOG] SystemI::createSoundInternal             : exinfo->length             = 884800
[LOG] SystemI::createSoundInternal             : exinfo->fileoffset         = 30272
[LOG] SystemI::createSoundInternal             : exinfo->numsubsounds       = 1
[LOG] SystemI::createSoundInternal             : exinfo->inclusionlist      = 000000DB14D1EF18
[LOG] SystemI::createSoundInternal             : exinfo->inclusionlistnum   = 1
[LOG] SystemI::createSoundInternal             : exinfo->suggestedsoundtype = 5
[LOG] SystemI::createSoundInternal             : exinfo->useropen           = 00007FF935E53490
[LOG] SystemI::createSoundInternal             : exinfo->userclose          = 00007FF935E53450
[LOG] SystemI::createSoundInternal             : exinfo->userread           = 00007FF935E53570
[LOG] SystemI::createSoundInternal             : exinfo->userseek           = 00007FF935E53630
[LOG] SystemI::createSoundInternal             : exinfo->fileuserdata       = 0000023CCF2D7478
[LOG] SystemI::createSoundInternal             : exinfo->initialseekpostype = 1
[LOG] SystemI::DSPCodecPoolRegister            : register codec pool for pool type 5
[LOG] SystemI::createSoundInternal             : Sample 0/1: name='CLM_SFX_Skeleton_Damage 1', format=5, channels=2, frequency=48000, lengthbytes=8704, lengthpcm=37584, pcmblocksize=0, loopstart=0, loopend=0, mode=0x00000000, channelmask=0x00000000, channelorder=0, peakvolume=1.000000.
[LOG] SystemI::createSound                     : filename = Assets/StreamingAssets/Audio/GeneratedSoundBanks/Master.bank : mode 02010082
[LOG] SystemI::createSound                     : FMOD_NONBLOCKING specified.  Putting into queue to be opened asynchronously!
[LOG] Thread::initThread                       : Init FMOD nonblocking thread (0). Affinity: 0x4000000000000003, Priority: 0xFFFF7FFC, Stack Size: 114688, Semaphore: Yes, Sleep Time: 0, Looping: Yes.
[LOG] AsyncThread::add                         : add sound to async queue : soundi = 0000023DA126F4D8, queue head = 0000023DE7F37EF8, queue count = 0
[LOG] AsyncThread::threadFunc                  : Starting Asynchronous operation on sound 0000023DA126F4D8
[LOG] SystemI::createSoundInternal             :     Create name='Assets/StreamingAssets/Audio/GeneratedSoundBanks/Master.bank', mode=0x02010082
[LOG] SystemI::createSoundInternal             :     exinfo->cbsize             = 224
[LOG] SystemI::createSoundInternal             :     exinfo->length             = 884800
[LOG] SystemI::createSoundInternal             :     exinfo->fileoffset         = 30272
[LOG] SystemI::createSoundInternal             :     exinfo->numsubsounds       = 1
[LOG] SystemI::createSoundInternal             :     exinfo->inclusionlist      = 0000023DD0FEAC70
[LOG] SystemI::createSoundInternal             :     exinfo->inclusionlistnum   = 1
[LOG] SystemI::createSoundInternal             :     exinfo->suggestedsoundtype = 5
[LOG] SystemI::createSoundInternal             :     exinfo->initialseekpostype = 1
[LOG] SystemI::createSoundInternal             :     Stream 0/1: name='Synths_Floating 3', format=5, channels=2, frequency=48000, lengthbytes=668896, lengthpcm=3072000, pcmblocksize=0, loopstart=0, loopend=0, mode=0x00000000, channelmask=0x00000000, channelorder=0, peakvolume=0.407028.
[LOG] Thread::initThread                       :     Init FMOD file thread. Affinity: 0x4000000000000003, Priority: 0xFFFF7FFC, Stack Size: 65536, Semaphore: No, Sleep Time: 10, Looping: Yes.
[LOG] AsyncThread::threadFunc                  : Finished Asynchronous operation on sound 0000023DA126F4D8
[LOG] SystemI::createSound                     : filename = Assets/StreamingAssets/Audio/GeneratedSoundBanks/Master.bank : mode 02010082
[LOG] SystemI::createSound                     : FMOD_NONBLOCKING specified.  Putting into queue to be opened asynchronously!
[LOG] AsyncThread::add                         : add sound to async queue : soundi = 0000023DD0F76948, queue head = 0000023DE7F37EF8, queue count = 0
[LOG] AsyncThread::threadFunc                  : Starting Asynchronous operation on sound 0000023DD0F76948
[LOG] SystemI::createSoundInternal             :     Create name='Assets/StreamingAssets/Audio/GeneratedSoundBanks/Master.bank', mode=0x02010082
[LOG] SystemI::createSoundInternal             :     exinfo->cbsize             = 224
[LOG] SystemI::createSoundInternal             :     exinfo->length             = 884800
[LOG] SystemI::createSoundInternal             :     exinfo->fileoffset         = 30272
[LOG] SystemI::createSoundInternal             :     exinfo->numsubsounds       = 1
[LOG] SystemI::createSoundInternal             :     exinfo->inclusionlist      = 0000023D7E52B030
[LOG] SystemI::createSoundInternal             :     exinfo->inclusionlistnum   = 1
[LOG] SystemI::createSoundInternal             :     exinfo->suggestedsoundtype = 5
[LOG] SystemI::createSoundInternal             :     exinfo->initialseekpostype = 1
[LOG] SystemI::createSoundInternal             :     Stream 0/1: name='Synths_Floating 3', format=5, channels=2, frequency=48000, lengthbytes=668896, lengthpcm=3072000, pcmblocksize=0, loopstart=0, loopend=0, mode=0x00000000, channelmask=0x00000000, channelorder=0, peakvolume=0.407028.
[LOG] AsyncThread::threadFunc                  : Finished Asynchronous operation on sound 0000023DD0F76948
[LOG] SoundI::release                          : Synths_Floating 3 (0000023DA126F4D8)
[LOG] SoundI::release                          :     Synths_Floating 3 (0000023CD249CA78)
[LOG] SoundI::release                          :     Synths_Floating 3 (0000023DA126C3E8)
[LOG] SystemI::createSound                     : filename = Assets/StreamingAssets/Audio/GeneratedSoundBanks/Master.bank : mode 02010082
[LOG] SystemI::createSound                     : FMOD_NONBLOCKING specified.  Putting into queue to be opened asynchronously!
[LOG] AsyncThread::add                         : add sound to async queue : soundi = 0000023DD0F77518, queue head = 0000023DE7F37EF8, queue count = 0
[LOG] AsyncThread::threadFunc                  : Starting Asynchronous operation on sound 0000023DD0F77518
[LOG] SystemI::createSoundInternal             :     Create name='Assets/StreamingAssets/Audio/GeneratedSoundBanks/Master.bank', mode=0x02010082
[LOG] SystemI::createSoundInternal             :     exinfo->cbsize             = 224
[LOG] SystemI::createSoundInternal             :     exinfo->length             = 884800
[LOG] SystemI::createSoundInternal             :     exinfo->fileoffset         = 30272
[LOG] SystemI::createSoundInternal             :     exinfo->numsubsounds       = 1
[LOG] SystemI::createSoundInternal             :     exinfo->inclusionlist      = 0000023D7E52B3F0
[LOG] SystemI::createSoundInternal             :     exinfo->inclusionlistnum   = 1
[LOG] SystemI::createSoundInternal             :     exinfo->suggestedsoundtype = 5
[LOG] SystemI::createSoundInternal             :     exinfo->initialseekpostype = 1
[LOG] SystemI::createSoundInternal             :     Stream 0/1: name='Synths_Floating 3', format=5, channels=2, frequency=48000, lengthbytes=668896, lengthpcm=3072000, pcmblocksize=0, loopstart=0, loopend=0, mode=0x00000000, channelmask=0x00000000, channelorder=0, peakvolume=0.407028.
[LOG] AsyncThread::threadFunc                  : Finished Asynchronous operation on sound 0000023DD0F77518
[LOG] SoundI::release                          : Synths_Floating 3 (0000023DD0F76948)
[LOG] SoundI::release                          :     Synths_Floating 3 (0000023CD249D0F8)
[LOG] SoundI::release                          :     Synths_Floating 3 (0000023DD0F77008)
[LOG] SoundI::release                          : Synths_Floating 3 (0000023DD0F77518)
[LOG] SoundI::release                          :     Synths_Floating 3 (0000023CD24A0B78)
[LOG] SoundI::release                          :     Synths_Floating 3 (0000023DA126F4D8)
[LOG] SystemI::createSoundInternal             : Create name='', mode=0x02000202
[LOG] SystemI::createSoundInternal             : exinfo->cbsize             = 224
[LOG] SystemI::createSoundInternal             : exinfo->length             = 884800
[LOG] SystemI::createSoundInternal             : exinfo->fileoffset         = 30272
[LOG] SystemI::createSoundInternal             : exinfo->numsubsounds       = 1
[LOG] SystemI::createSoundInternal             : exinfo->inclusionlist      = 000000DB14D1EF18
[LOG] SystemI::createSoundInternal             : exinfo->inclusionlistnum   = 1
[LOG] SystemI::createSoundInternal             : exinfo->suggestedsoundtype = 5
[LOG] SystemI::createSoundInternal             : exinfo->useropen           = 00007FF935E53490
[LOG] SystemI::createSoundInternal             : exinfo->userclose          = 00007FF935E53450
[LOG] SystemI::createSoundInternal             : exinfo->userread           = 00007FF935E53570
[LOG] SystemI::createSoundInternal             : exinfo->userseek           = 00007FF935E53630
[LOG] SystemI::createSoundInternal             : exinfo->fileuserdata       = 0000023DA946D9B8
[LOG] SystemI::createSoundInternal             : exinfo->initialseekpostype = 1
[LOG] SystemI::DSPCodecPoolRegister            : register codec pool for pool type 5
[LOG] SystemI::createSoundInternal             : Sample 0/1: name='CLM_SFX_Magic_Blast2', format=5, channels=2, frequency=48000, lengthbytes=14528, lengthpcm=70995, pcmblocksize=0, loopstart=0, loopend=0, mode=0x00000000, channelmask=0x00000000, channelorder=0, peakvolume=0.730042.
[LOG] SystemI::createSoundInternal             : Create name='', mode=0x02000202
[LOG] SystemI::createSoundInternal             : exinfo->cbsize             = 224
[LOG] SystemI::createSoundInternal             : exinfo->length             = 884800
[LOG] SystemI::createSoundInternal             : exinfo->fileoffset         = 30272
[LOG] SystemI::createSoundInternal             : exinfo->numsubsounds       = 1
[LOG] SystemI::createSoundInternal             : exinfo->inclusionlist      = 000000DB14D1EF18
[LOG] SystemI::createSoundInternal             : exinfo->inclusionlistnum   = 1
[LOG] SystemI::createSoundInternal             : exinfo->suggestedsoundtype = 5
[LOG] SystemI::createSoundInternal             : exinfo->useropen           = 00007FF935E53490
[LOG] SystemI::createSoundInternal             : exinfo->userclose          = 00007FF935E53450
[LOG] SystemI::createSoundInternal             : exinfo->userread           = 00007FF935E53570
[LOG] SystemI::createSoundInternal             : exinfo->userseek           = 00007FF935E53630
[LOG] SystemI::createSoundInternal             : exinfo->fileuserdata       = 0000023DA946D9B8
[LOG] SystemI::createSoundInternal             : exinfo->initialseekpostype = 1
[LOG] SystemI::DSPCodecPoolRegister            : register codec pool for pool type 5
[LOG] SystemI::createSoundInternal             : Sample 0/1: name='CLM_SFX_Magic_Blast_1', format=5, channels=2, frequency=48000, lengthbytes=25216, lengthpcm=96292, pcmblocksize=0, loopstart=0, loopend=0, mode=0x00000000, channelmask=0x00000000, channelorder=0, peakvolume=0.999786.
[ERR] OutputWASAPI::mixerThread                : GetCurrentPadding returned 0x88890004.  Device was unplugged!
[ERR] OutputWASAPI::mixerThread                : GetCurrentPadding returned 0x88890004.  Device was unplugged!
[ERR] OutputWASAPI::mixerThread                : GetCurrentPadding returned 0x88890004.  Device was unplugged!
[ERR] OutputWASAPI::mixerThread                : GetCurrentPadding returned 0x88890004.  Device was unplugged!
[ERR] OutputWASAPI::mixerThread                : GetCurrentPadding returned 0x88890004.  Device was unplugged!
[ERR] OutputWASAPI::mixerThread                : GetCurrentPadding returned 0x88890004.  Device was unplugged!
[ERR] OutputWASAPI::mixerThread                : GetCurrentPadding returned 0x88890004.  Device was unplugged!
[ERR] OutputWASAPI::mixerThread                : GetCurrentPadding returned 0x88890004.  Device was unplugged!
[ERR] OutputWASAPI::mixerThread                : GetCurrentPadding returned 0x88890004.  Device was unplugged!
[ERR] OutputWASAPI::mixerThread                : GetCurrentPadding returned 0x88890004.  Device was unplugged!
[ERR] OutputWASAPI::mixerThread                : GetCurrentPadding returned 0x88890004.  Device was unplugged!
[ERR] OutputWASAPI::mixerThread                : GetCurrentPadding returned 0x88890004.  Device was unplugged!
[ERR] OutputWASAPI::mixerThread                : GetCurrentPadding returned 0x88890004.  Device was unplugged!
[ERR] OutputWASAPI::mixerThread                : GetCurrentPadding returned 0x88890004.  Device was unplugged!
[ERR] OutputWASAPI::mixerThread                : GetCurrentPadding returned 0x88890004.  Device was unplugged!
[ERR] OutputWASAPI::mixerThread                : GetCurrentPadding returned 0x88890004.  Device was unplugged!
[ERR] OutputWASAPI::mixerThread                : GetCurrentPadding returned 0x88890004.  Device was unplugged!
[ERR] OutputWASAPI::mixerThread                : GetCurrentPadding returned 0x88890004.  Device was unplugged!
[ERR] OutputWASAPI::mixerThread                : GetCurrentPadding returned 0x88890004.  Device was unplugged!
[ERR] OutputWASAPI::mixerThread                : GetCurrentPadding returned 0x88890004.  Device was unplugged!
[LOG] Thread::callback                         : FMOD mixer thread finished.
[LOG] OutputWASAPI::init                       : Mix Format (WAVEFORMATEX): wFormatTag=0xFFFE, nChannels=2, nSamplesPerSec=48000, nAvgBytesPerSec=384000, nBlockAlign=8, wBitsPerSample=32, cbSize=22.
[LOG] OutputWASAPI::init                       : Mix Format (WAVEFORMATEXTENSIBLE): wValidBitsPerSample=32, dwChannelMask=0x00000003, SubFormat=00000003-0000-0010-8000-00AA00389B71.
[LOG] OutputWASAPI::init                       : Output buffer size: 4096 samples, latency: 0.00ms, period: 10.67ms, DSP buffer: 1024 * 4
[LOG] Thread::initThread                       : Init FMOD mixer thread. Affinity: 0x4000000000000001, Priority: 0xFFFF7FFA, Stack Size: 81920, Semaphore: No, Sleep Time: 0, Looping: Yes.
[LOG] Thread::callback                         : FMOD mixer thread finished.
[LOG] OutputWASAPI::init                       : Mix Format (WAVEFORMATEX): wFormatTag=0xFFFE, nChannels=1, nSamplesPerSec=16000, nAvgBytesPerSec=64000, nBlockAlign=4, wBitsPerSample=32, cbSize=22.
[LOG] OutputWASAPI::init                       : Mix Format (WAVEFORMATEXTENSIBLE): wValidBitsPerSample=32, dwChannelMask=0x00000004, SubFormat=00000003-0000-0010-8000-00AA00389B71.
[LOG] OutputWASAPI::init                       : Output buffer size: 1364 samples, latency: 0.00ms, period: 10.00ms, DSP buffer: 1024 * 4
[LOG] DownMix::init                            : dspbuffersize: 1024  rate: 48000. output speaker mode: 2, input speaker mode 3
[LOG] DownMix::init                            : done.
[LOG] SystemI::startDriver                     : Output requires a sample rate of 16000Hz, resampling will occur.
[LOG] Thread::initThread                       : Init FMOD mixer thread. Affinity: 0x4000000000000001, Priority: 0xFFFF7FFA, Stack Size: 81920, Semaphore: No, Sleep Time: 0, Looping: Yes.
[ERR] OutputWASAPI::mixerThread                : GetCurrentPadding returned 0x88890004.  Device was unplugged!
[ERR] OutputWASAPI::mixerThread                : GetCurrentPadding returned 0x88890004.  Device was unplugged!
[LOG] Thread::callback                         : FMOD mixer thread finished.
[LOG] OutputWASAPI::init                       : Mix Format (WAVEFORMATEX): wFormatTag=0xFFFE, nChannels=2, nSamplesPerSec=48000, nAvgBytesPerSec=384000, nBlockAlign=8, wBitsPerSample=32, cbSize=22.
[LOG] OutputWASAPI::init                       : Mix Format (WAVEFORMATEXTENSIBLE): wValidBitsPerSample=32, dwChannelMask=0x00000003, SubFormat=00000003-0000-0010-8000-00AA00389B71.
[LOG] OutputWASAPI::init                       : Output buffer size: 4096 samples, latency: 0.00ms, period: 10.67ms, DSP buffer: 1024 * 4
[LOG] Thread::initThread                       : Init FMOD mixer thread. Affinity: 0x4000000000000001, Priority: 0xFFFF7FFA, Stack Size: 81920, Semaphore: No, Sleep Time: 0, Looping: Yes.
[LOG] SoundI::release                          :  (0000023CD807AEF8)
[LOG] SoundI::release                          :     CLM_BOSS_SFX_DmgGive (0000023CD249E958)
[LOG] SoundI::release                          :  (0000023CD807AD88)
[LOG] SoundI::release                          :     CLM_SFX_Boss_DmgGive02 (0000023CD24A1058)
[LOG] SoundI::release                          :  (0000023CD807B068)
[LOG] SoundI::release                          :     CLM_BOSS_SFX_Miss_2 (0000023CD249B898)
[LOG] SoundI::release                          :  (0000023CF9362098)
[LOG] SoundI::release                          :     CLM_SFX_BOSS_Footsteps_1 (0000023CD24A04F8)
[LOG] SoundI::release                          :  (0000023CD8754808)
[LOG] SoundI::release                          :     CLM_SFX_BOSS_GettingHit_1 (0000023CD249BD78)
[LOG] SoundI::release                          :  (0000023CD87550A8)
[LOG] SoundI::release                          :     CLM_SFX_Boss_GettingHit_2wav (0000023CD249EAF8)
[LOG] SoundI::release                          :  (0000023CD807D458)
[LOG] SoundI::release                          :     CLM_SFX_UI_Select (0000023CD249CF58)
[LOG] SoundI::release                          :  (0000023CD807B628)
[LOG] SoundI::release                          :     CLM_SFX_UI_Select02 (1) (0000023CD24A09D8)
[LOG] SoundI::release                          :  (0000023CD8078DE8)
[LOG] SoundI::release                          :     CLM_SFX_UI_Clicking 1 (0000023CD249C738)
[LOG] SoundI::release                          :  (0000023CD807B798)
[LOG] SoundI::release                          :     CLM_SFX_UI_Clicking 2 (0000023CD249C3F8)
[LOG] SoundI::release                          :  (0000023CD8079518)
[LOG] SoundI::release                          :     CLM_SFX_UI_Scroll (0000023CD249EFD8)
[LOG] SoundI::release                          :  (0000023D7E284748)
[LOG] SoundI::release                          :     CLM_SFX_Magic_Blast2 (0000023CD249CA78)
[LOG] SoundI::release                          :  (0000023D7E283048)
[LOG] SoundI::release                          :     CLM_SFX_Magic_Blast_1 (0000023CD249D0F8)
[LOG] SoundI::release                          :  (0000023D7E2831B8)
[LOG] SoundI::release                          :     CLM_SFX_Skeleton_Damage 1 (0000023CD249F178)
[LOG] Thread::callback                         : FMOD mixer thread finished.
[LOG] OutputWASAPI::init                       : Mix Format (WAVEFORMATEX): wFormatTag=0xFFFE, nChannels=1, nSamplesPerSec=16000, nAvgBytesPerSec=64000, nBlockAlign=4, wBitsPerSample=32, cbSize=22.
[LOG] OutputWASAPI::init                       : Mix Format (WAVEFORMATEXTENSIBLE): wValidBitsPerSample=32, dwChannelMask=0x00000004, SubFormat=00000003-0000-0010-8000-00AA00389B71.
[LOG] OutputWASAPI::init                       : Output buffer size: 1364 samples, latency: 0.00ms, period: 10.00ms, DSP buffer: 1024 * 4
[LOG] DownMix::init                            : dspbuffersize: 1024  rate: 48000. output speaker mode: 2, input speaker mode 3
[LOG] DownMix::init                            : done.
[LOG] SystemI::startDriver                     : Output requires a sample rate of 16000Hz, resampling will occur.
[LOG] Thread::initThread                       : Init FMOD mixer thread. Affinity: 0x4000000000000001, Priority: 0xFFFF7FFA, Stack Size: 81920, Semaphore: No, Sleep Time: 0, Looping: Yes.
[ERR] OutputWASAPI::mixerThread                : GetCurrentPadding returned 0x88890004.  Device was unplugged!
[ERR] OutputWASAPI::mixerThread                : GetCurrentPadding returned 0x88890004.  Device was unplugged!
[LOG] Thread::callback                         : FMOD mixer thread finished.
[LOG] OutputWASAPI::init                       : Mix Format (WAVEFORMATEX): wFormatTag=0xFFFE, nChannels=2, nSamplesPerSec=48000, nAvgBytesPerSec=384000, nBlockAlign=8, wBitsPerSample=32, cbSize=22.
[LOG] OutputWASAPI::init                       : Mix Format (WAVEFORMATEXTENSIBLE): wValidBitsPerSample=32, dwChannelMask=0x00000003, SubFormat=00000003-0000-0010-8000-00AA00389B71.
[LOG] OutputWASAPI::init                       : Output buffer size: 4096 samples, latency: 0.00ms, period: 10.67ms, DSP buffer: 1024 * 4
[LOG] Thread::initThread                       : Init FMOD mixer thread. Affinity: 0x4000000000000001, Priority: 0xFFFF7FFA, Stack Size: 81920, Semaphore: No, Sleep Time: 0, Looping: Yes.
[LOG] Thread::callback                         : FMOD mixer thread finished.
[LOG] OutputWASAPI::init                       : Mix Format (WAVEFORMATEX): wFormatTag=0xFFFE, nChannels=1, nSamplesPerSec=16000, nAvgBytesPerSec=64000, nBlockAlign=4, wBitsPerSample=32, cbSize=22.
[LOG] OutputWASAPI::init                       : Mix Format (WAVEFORMATEXTENSIBLE): wValidBitsPerSample=32, dwChannelMask=0x00000004, SubFormat=00000003-0000-0010-8000-00AA00389B71.
[LOG] OutputWASAPI::init                       : Output buffer size: 1364 samples, latency: 0.00ms, period: 10.00ms, DSP buffer: 1024 * 4
[LOG] DownMix::init                            : dspbuffersize: 1024  rate: 48000. output speaker mode: 2, input speaker mode 3
[LOG] DownMix::init                            : done.
[LOG] SystemI::startDriver                     : Output requires a sample rate of 16000Hz, resampling will occur.
[LOG] Thread::initThread                       : Init FMOD mixer thread. Affinity: 0x4000000000000001, Priority: 0xFFFF7FFA, Stack Size: 81920, Semaphore: No, Sleep Time: 0, Looping: Yes.
[ERR] OutputWASAPI::mixerThread                : GetCurrentPadding returned 0x88890004.  Device was unplugged!
[ERR] OutputWASAPI::mixerThread                : GetCurrentPadding returned 0x88890004.  Device was unplugged!
[LOG] Thread::callback                         : FMOD mixer thread finished.
[LOG] OutputWASAPI::init                       : Mix Format (WAVEFORMATEX): wFormatTag=0xFFFE, nChannels=2, nSamplesPerSec=48000, nAvgBytesPerSec=384000, nBlockAlign=8, wBitsPerSample=32, cbSize=22.
[LOG] OutputWASAPI::init                       : Mix Format (WAVEFORMATEXTENSIBLE): wValidBitsPerSample=32, dwChannelMask=0x00000003, SubFormat=00000003-0000-0010-8000-00AA00389B71.
[LOG] OutputWASAPI::init                       : Output buffer size: 4096 samples, latency: 0.00ms, period: 10.67ms, DSP buffer: 1024 * 4
[LOG] Thread::initThread                       : Init FMOD mixer thread. Affinity: 0x4000000000000001, Priority: 0xFFFF7FFA, Stack Size: 81920, Semaphore: No, Sleep Time: 0, Looping: Yes.
[LOG] Thread::callback                         : FMOD Studio bank load thread finished.
[LOG] Thread::callback                         : FMOD Studio sample load thread finished.
[LOG] LiveUpdate::release                      : 
[LOG] LiveUpdate::reset                        : Reset connection (reason Disconnected)
[LOG] Thread::callback                         : FMOD stream thread finished.
[LOG] Thread::callback                         : FMOD mixer thread finished.
[LOG] SystemI::close                           : Closed.
[LOG] Thread::callback                         : FMOD nonblocking thread (0) finished.
[LOG] Thread::callback                         : FMOD file thread finished.
